# JRE version: Java(TM) SE Runtime Environment (8.0_112-b15) (build 1.8.0_112-b15)
# Java VM: Java HotSpot(TM) 64-Bit Server VM (25.112-b15 mixed mode windows-amd64 compressed oops)
Heap:
 PSYoungGen      total 58880K, used 49272K [0x00000007bc400000, 0x00000007c0000000, 0x00000007c0000000)
  eden space 56320K, 84% used [0x00000007bc400000,0x00000007bf26e2a8,0x00000007bfb00000)
  from space 2560K, 67% used [0x00000007bfb00000,0x00000007bfcafe88,0x00000007bfd80000)
  to   space 2560K, 0% used [0x00000007bfd80000,0x00000007bfd80000,0x00000007c0000000)
 ParOldGen       total 289280K, used 131816K [0x0000000700000000, 0x0000000711a80000, 0x00000007bc400000)
  object space 289280K, 45% used [0x0000000700000000,0x00000007080ba1d8,0x0000000711a80000)
 Metaspace       used 82081K, capacity 83099K, committed 83840K, reserved 1122304K
  class space    used 10858K, capacity 11059K, committed 11136K, reserved 1048576K
GC Heap History (10 events):
Event: 40201.290 GC heap before
{Heap before GC invocations=8532 (full 3037):
 PSYoungGen      total 59392K, used 59200K [0x00000007bc400000, 0x00000007c0000000, 0x00000007c0000000)
  eden space 58368K, 100% used [0x00000007bc400000,0x00000007bfd00000,0x00000007bfd00000)
  from space 1024K, 81% used [0x00000007bff00000,0x00000007bffd0000,0x00000007c0000000)
  to   space 1536K, 0% used [0x00000007bfd00000,0x00000007bfd00000,0x00000007bfe80000)
 ParOldGen       total 289280K, used 131512K [0x0000000700000000, 0x0000000711a80000, 0x00000007bc400000)
  object space 289280K, 45% used [0x0000000700000000,0x000000070806e1d8,0x0000000711a80000)
 Metaspace       used 82054K, capacity 83035K, committed 83840K, reserved 1122304K
  class space    used 10858K, capacity 11059K, committed 11136K, reserved 1048576K
Event: 40201.294 GC heap after
Heap after GC invocations=8532 (full 3037):
 PSYoungGen      total 59904K, used 1507K [0x00000007bc400000, 0x00000007c0000000, 0x00000007c0000000)
  eden space 58368K, 0% used [0x00000007bc400000,0x00000007bc400000,0x00000007bfd00000)
  from space 1536K, 98% used [0x00000007bfd00000,0x00000007bfe78f40,0x00000007bfe80000)
  to   space 1536K, 0% used [0x00000007bfe80000,0x00000007bfe80000,0x00000007c0000000)
 ParOldGen       total 289280K, used 131672K [0x0000000700000000, 0x0000000711a80000, 0x00000007bc400000)
  object space 289280K, 45% used [0x0000000700000000,0x00000007080961d8,0x0000000711a80000)
 Metaspace       used 82054K, capacity 83035K, committed 83840K, reserved 1122304K
  class space    used 10858K, capacity 11059K, committed 11136K, reserved 1048576K
}
Event: 40203.527 GC heap before
{Heap before GC invocations=8533 (full 3037):
 PSYoungGen      total 59904K, used 59875K [0x00000007bc400000, 0x00000007c0000000, 0x00000007c0000000)
  eden space 58368K, 100% used [0x00000007bc400000,0x00000007bfd00000,0x00000007bfd00000)
  from space 1536K, 98% used [0x00000007bfd00000,0x00000007bfe78f40,0x00000007bfe80000)
  to   space 1536K, 0% used [0x00000007bfe80000,0x00000007bfe80000,0x00000007c0000000)
 ParOldGen       total 289280K, used 131672K [0x0000000700000000, 0x0000000711a80000, 0x00000007bc400000)
  object space 289280K, 45% used [0x0000000700000000,0x00000007080961d8,0x0000000711a80000)
 Metaspace       used 82054K, capacity 83035K, committed 83840K, reserved 1122304K
  class space    used 10858K, capacity 11059K, committed 11136K, reserved 1048576K
Event: 40203.531 GC heap after
Heap after GC invocations=8533 (full 3037):
 PSYoungGen      total 58880K, used 1507K [0x00000007bc400000, 0x00000007c0000000, 0x00000007c0000000)
  eden space 57344K, 0% used [0x00000007bc400000,0x00000007bc400000,0x00000007bfc00000)
  from space 1536K, 98% used [0x00000007bfe80000,0x00000007bfff8f40,0x00000007c0000000)
  to   space 2048K, 0% used [0x00000007bfc00000,0x00000007bfc00000,0x00000007bfe00000)
 ParOldGen       total 289280K, used 131816K [0x0000000700000000, 0x0000000711a80000, 0x00000007bc400000)
  object space 289280K, 45% used [0x0000000700000000,0x00000007080ba1d8,0x0000000711a80000)
 Metaspace       used 82054K, capacity 83035K, committed 83840K, reserved 1122304K
  class space    used 10858K, capacity 11059K, committed 11136K, reserved 1048576K
}
Event: 40205.075 GC heap before
{Heap before GC invocations=8534 (full 3037):
 PSYoungGen      total 58880K, used 58851K [0x00000007bc400000, 0x00000007c0000000, 0x00000007c0000000)
  eden space 57344K, 100% used [0x00000007bc400000,0x00000007bfc00000,0x00000007bfc00000)
  from space 1536K, 98% used [0x00000007bfe80000,0x00000007bfff8f40,0x00000007c0000000)
  to   space 2048K, 0% used [0x00000007bfc00000,0x00000007bfc00000,0x00000007bfe00000)
 ParOldGen       total 289280K, used 131816K [0x0000000700000000, 0x0000000711a80000, 0x00000007bc400000)
  object space 289280K, 45% used [0x0000000700000000,0x00000007080ba1d8,0x0000000711a80000)
 Metaspace       used 82054K, capacity 83035K, committed 83840K, reserved 1122304K
  class space    used 10858K, capacity 11059K, committed 11136K, reserved 1048576K
Event: 40205.080 GC heap after
Heap after GC invocations=8534 (full 3037):
 PSYoungGen      total 59392K, used 1425K [0x00000007bc400000, 0x00000007c0000000, 0x00000007c0000000)
  eden space 57344K, 0% used [0x00000007bc400000,0x00000007bc400000,0x00000007bfc00000)
  from space 2048K, 69% used [0x00000007bfc00000,0x00000007bfd647a0,0x00000007bfe00000)
  to   space 2048K, 0% used [0x00000007bfe00000,0x00000007bfe00000,0x00000007c0000000)
 ParOldGen       total 289280K, used 131816K [0x0000000700000000, 0x0000000711a80000, 0x00000007bc400000)
  object space 289280K, 45% used [0x0000000700000000,0x00000007080ba1d8,0x0000000711a80000)
 Metaspace       used 82054K, capacity 83035K, committed 83840K, reserved 1122304K
  class space    used 10858K, capacity 11059K, committed 11136K, reserved 1048576K
}
Event: 40207.883 GC heap before
{Heap before GC invocations=8535 (full 3037):
 PSYoungGen      total 59392K, used 58769K [0x00000007bc400000, 0x00000007c0000000, 0x00000007c0000000)
  eden space 57344K, 100% used [0x00000007bc400000,0x00000007bfc00000,0x00000007bfc00000)
  from space 2048K, 69% used [0x00000007bfc00000,0x00000007bfd647a0,0x00000007bfe00000)
  to   space 2048K, 0% used [0x00000007bfe00000,0x00000007bfe00000,0x00000007c0000000)
 ParOldGen       total 289280K, used 131816K [0x0000000700000000, 0x0000000711a80000, 0x00000007bc400000)
  object space 289280K, 45% used [0x0000000700000000,0x00000007080ba1d8,0x0000000711a80000)
 Metaspace       used 82054K, capacity 83035K, committed 83840K, reserved 1122304K
  class space    used 10858K, capacity 11059K, committed 11136K, reserved 1048576K
Event: 40207.889 GC heap after
Heap after GC invocations=8535 (full 3037):
 PSYoungGen      total 58368K, used 1827K [0x00000007bc400000, 0x00000007c0000000, 0x00000007c0000000)
  eden space 56320K, 0% used [0x00000007bc400000,0x00000007bc400000,0x00000007bfb00000)
  from space 2048K, 89% used [0x00000007bfe00000,0x00000007bffc8f40,0x00000007c0000000)
  to   space 2560K, 0% used [0x00000007bfb00000,0x00000007bfb00000,0x00000007bfd80000)
 ParOldGen       total 289280K, used 131816K [0x0000000700000000, 0x0000000711a80000, 0x00000007bc400000)
  object space 289280K, 45% used [0x0000000700000000,0x00000007080ba1d8,0x0000000711a80000)
 Metaspace       used 82054K, capacity 83035K, committed 83840K, reserved 1122304K
  class space    used 10858K, capacity 11059K, committed 11136K, reserved 1048576K
}
Event: 40209.943 GC heap before
{Heap before GC invocations=8536 (full 3037):
 PSYoungGen      total 58368K, used 58147K [0x00000007bc400000, 0x00000007c0000000, 0x00000007c0000000)
  eden space 56320K, 100% used [0x00000007bc400000,0x00000007bfb00000,0x00000007bfb00000)
  from space 2048K, 89% used [0x00000007bfe00000,0x00000007bffc8f40,0x00000007c0000000)
  to   space 2560K, 0% used [0x00000007bfb00000,0x00000007bfb00000,0x00000007bfd80000)
 ParOldGen       total 289280K, used 131816K [0x0000000700000000, 0x0000000711a80000, 0x00000007bc400000)
  object space 289280K, 45% used [0x0000000700000000,0x00000007080ba1d8,0x0000000711a80000)
 Metaspace       used 82081K, capacity 83099K, committed 83840K, reserved 1122304K
  class space    used 10858K, capacity 11059K, committed 11136K, reserved 1048576K
Event: 40209.947 GC heap after
Heap after GC invocations=8536 (full 3037):
 PSYoungGen      total 58880K, used 1727K [0x00000007bc400000, 0x00000007c0000000, 0x00000007c0000000)
  eden space 56320K, 0% used [0x00000007bc400000,0x00000007bc400000,0x00000007bfb00000)
  from space 2560K, 67% used [0x00000007bfb00000,0x00000007bfcafe88,0x00000007bfd80000)
  to   space 2560K, 0% used [0x00000007bfd80000,0x00000007bfd80000,0x00000007c0000000)
 ParOldGen       total 289280K, used 131816K [0x0000000700000000, 0x0000000711a80000, 0x00000007bc400000)
  object space 289280K, 45% used [0x0000000700000000,0x00000007080ba1d8,0x0000000711a80000)
 Metaspace       used 82081K, capacity 83099K, committed 83840K, reserved 1122304K
  class space    used 10858K, capacity 11059K, committed 11136K, reserved 1048576K
}

