# JRE version: Java(TM) SE Runtime Environment (8.0_112-b15) (build 1.8.0_112-b15)
# Java VM: Java HotSpot(TM) 64-Bit Server VM (25.112-b15 mixed mode windows-amd64 compressed oops)
Heap:
 PSYoungGen      total 58880K, used 51861K [0x00000007bc400000, 0x00000007c0000000, 0x00000007c0000000)
  eden space 56320K, 90% used [0x00000007bc400000,0x00000007bf59d518,0x00000007bfb00000)
  from space 2560K, 41% used [0x00000007bfb00000,0x00000007bfc08000,0x00000007bfd80000)
  to   space 2560K, 0% used [0x00000007bfd80000,0x00000007bfd80000,0x00000007c0000000)
 ParOldGen       total 155136K, used 54989K [0x0000000700000000, 0x0000000709780000, 0x00000007bc400000)
  object space 155136K, 35% used [0x0000000700000000,0x00000007035b3728,0x0000000709780000)
 Metaspace       used 70466K, capacity 71059K, committed 71680K, reserved 1112064K
  class space    used 9240K, capacity 9359K, committed 9472K, reserved 1048576K
GC Heap History (10 events):
Event: 2656.324 GC heap before
{Heap before GC invocations=1649 (full 703):
 PSYoungGen      total 58880K, used 57152K [0x00000007bc400000, 0x00000007c0000000, 0x00000007c0000000)
  eden space 56320K, 100% used [0x00000007bc400000,0x00000007bfb00000,0x00000007bfb00000)
  from space 2560K, 32% used [0x00000007bfb00000,0x00000007bfbd0000,0x00000007bfd80000)
  to   space 2048K, 0% used [0x00000007bfe00000,0x00000007bfe00000,0x00000007c0000000)
 ParOldGen       total 155136K, used 54638K [0x0000000700000000, 0x0000000709780000, 0x00000007bc400000)
  object space 155136K, 35% used [0x0000000700000000,0x000000070355ba48,0x0000000709780000)
 Metaspace       used 70363K, capacity 70995K, committed 71680K, reserved 1112064K
  class space    used 9240K, capacity 9359K, committed 9472K, reserved 1048576K
Event: 2656.332 GC heap after
Heap after GC invocations=1649 (full 703):
 PSYoungGen      total 59392K, used 960K [0x00000007bc400000, 0x00000007c0000000, 0x00000007c0000000)
  eden space 57344K, 0% used [0x00000007bc400000,0x00000007bc400000,0x00000007bfc00000)
  from space 2048K, 46% used [0x00000007bfe00000,0x00000007bfef0000,0x00000007c0000000)
  to   space 2048K, 0% used [0x00000007bfc00000,0x00000007bfc00000,0x00000007bfe00000)
 ParOldGen       total 155136K, used 54646K [0x0000000700000000, 0x0000000709780000, 0x00000007bc400000)
  object space 155136K, 35% used [0x0000000700000000,0x000000070355da48,0x0000000709780000)
 Metaspace       used 70363K, capacity 70995K, committed 71680K, reserved 1112064K
  class space    used 9240K, capacity 9359K, committed 9472K, reserved 1048576K
}
Event: 2661.347 GC heap before
{Heap before GC invocations=1650 (full 703):
 PSYoungGen      total 59392K, used 58300K [0x00000007bc400000, 0x00000007c0000000, 0x00000007c0000000)
  eden space 57344K, 99% used [0x00000007bc400000,0x00000007bfbff0e8,0x00000007bfc00000)
  from space 2048K, 46% used [0x00000007bfe00000,0x00000007bfef0000,0x00000007c0000000)
  to   space 2048K, 0% used [0x00000007bfc00000,0x00000007bfc00000,0x00000007bfe00000)
 ParOldGen       total 155136K, used 54646K [0x0000000700000000, 0x0000000709780000, 0x00000007bc400000)
  object space 155136K, 35% used [0x0000000700000000,0x000000070355da48,0x0000000709780000)
 Metaspace       used 70391K, capacity 70995K, committed 71680K, reserved 1112064K
  class space    used 9240K, capacity 9359K, committed 9472K, reserved 1048576K
Event: 2661.351 GC heap after
Heap after GC invocations=1650 (full 703):
 PSYoungGen      total 58880K, used 1664K [0x00000007bc400000, 0x00000007c0000000, 0x00000007c0000000)
  eden space 56832K, 0% used [0x00000007bc400000,0x00000007bc400000,0x00000007bfb80000)
  from space 2048K, 81% used [0x00000007bfc00000,0x00000007bfda0000,0x00000007bfe00000)
  to   space 2048K, 0% used [0x00000007bfe00000,0x00000007bfe00000,0x00000007c0000000)
 ParOldGen       total 155136K, used 57591K [0x0000000700000000, 0x0000000709780000, 0x00000007bc400000)
  object space 155136K, 37% used [0x0000000700000000,0x000000070383df58,0x0000000709780000)
 Metaspace       used 70391K, capacity 70995K, committed 71680K, reserved 1112064K
  class space    used 9240K, capacity 9359K, committed 9472K, reserved 1048576K
}
Event: 2665.623 GC heap before
{Heap before GC invocations=1651 (full 703):
 PSYoungGen      total 58880K, used 25589K [0x00000007bc400000, 0x00000007c0000000, 0x00000007c0000000)
  eden space 56832K, 42% used [0x00000007bc400000,0x00000007bdb5d5f8,0x00000007bfb80000)
  from space 2048K, 81% used [0x00000007bfc00000,0x00000007bfda0000,0x00000007bfe00000)
  to   space 2048K, 0% used [0x00000007bfe00000,0x00000007bfe00000,0x00000007c0000000)
 ParOldGen       total 155136K, used 57591K [0x0000000700000000, 0x0000000709780000, 0x00000007bc400000)
  object space 155136K, 37% used [0x0000000700000000,0x000000070383df58,0x0000000709780000)
 Metaspace       used 70399K, capacity 70995K, committed 71680K, reserved 1112064K
  class space    used 9240K, capacity 9359K, committed 9472K, reserved 1048576K
Event: 2665.627 GC heap after
Heap after GC invocations=1651 (full 703):
 PSYoungGen      total 58368K, used 1664K [0x00000007bc400000, 0x00000007c0000000, 0x00000007c0000000)
  eden space 56320K, 0% used [0x00000007bc400000,0x00000007bc400000,0x00000007bfb00000)
  from space 2048K, 81% used [0x00000007bfe00000,0x00000007bffa0000,0x00000007c0000000)
  to   space 2560K, 0% used [0x00000007bfb00000,0x00000007bfb00000,0x00000007bfd80000)
 ParOldGen       total 155136K, used 57591K [0x0000000700000000, 0x0000000709780000, 0x00000007bc400000)
  object space 155136K, 37% used [0x0000000700000000,0x000000070383df58,0x0000000709780000)
 Metaspace       used 70399K, capacity 70995K, committed 71680K, reserved 1112064K
  class space    used 9240K, capacity 9359K, committed 9472K, reserved 1048576K
}
Event: 2665.627 GC heap before
{Heap before GC invocations=1652 (full 704):
 PSYoungGen      total 58368K, used 1664K [0x00000007bc400000, 0x00000007c0000000, 0x00000007c0000000)
  eden space 56320K, 0% used [0x00000007bc400000,0x00000007bc400000,0x00000007bfb00000)
  from space 2048K, 81% used [0x00000007bfe00000,0x00000007bffa0000,0x00000007c0000000)
  to   space 2560K, 0% used [0x00000007bfb00000,0x00000007bfb00000,0x00000007bfd80000)
 ParOldGen       total 155136K, used 57591K [0x0000000700000000, 0x0000000709780000, 0x00000007bc400000)
  object space 155136K, 37% used [0x0000000700000000,0x000000070383df58,0x0000000709780000)
 Metaspace       used 70399K, capacity 70995K, committed 71680K, reserved 1112064K
  class space    used 9240K, capacity 9359K, committed 9472K, reserved 1048576K
Event: 2665.698 GC heap after
Heap after GC invocations=1652 (full 704):
 PSYoungGen      total 58368K, used 0K [0x00000007bc400000, 0x00000007c0000000, 0x00000007c0000000)
  eden space 56320K, 0% used [0x00000007bc400000,0x00000007bc400000,0x00000007bfb00000)
  from space 2048K, 0% used [0x00000007bfe00000,0x00000007bfe00000,0x00000007c0000000)
  to   space 2560K, 0% used [0x00000007bfb00000,0x00000007bfb00000,0x00000007bfd80000)
 ParOldGen       total 155136K, used 54989K [0x0000000700000000, 0x0000000709780000, 0x00000007bc400000)
  object space 155136K, 35% used [0x0000000700000000,0x00000007035b3728,0x0000000709780000)
 Metaspace       used 70399K, capacity 70995K, committed 71680K, reserved 1112064K
  class space    used 9240K, capacity 9359K, committed 9472K, reserved 1048576K
}
Event: 2674.271 GC heap before
{Heap before GC invocations=1653 (full 704):
 PSYoungGen      total 58368K, used 56320K [0x00000007bc400000, 0x00000007c0000000, 0x00000007c0000000)
  eden space 56320K, 100% used [0x00000007bc400000,0x00000007bfb00000,0x00000007bfb00000)
  from space 2048K, 0% used [0x00000007bfe00000,0x00000007bfe00000,0x00000007c0000000)
  to   space 2560K, 0% used [0x00000007bfb00000,0x00000007bfb00000,0x00000007bfd80000)
 ParOldGen       total 155136K, used 54989K [0x0000000700000000, 0x0000000709780000, 0x00000007bc400000)
  object space 155136K, 35% used [0x0000000700000000,0x00000007035b3728,0x0000000709780000)
 Metaspace       used 70443K, capacity 71059K, committed 71680K, reserved 1112064K
  class space    used 9240K, capacity 9359K, committed 9472K, reserved 1048576K
Event: 2674.275 GC heap after
Heap after GC invocations=1653 (full 704):
 PSYoungGen      total 58880K, used 1056K [0x00000007bc400000, 0x00000007c0000000, 0x00000007c0000000)
  eden space 56320K, 0% used [0x00000007bc400000,0x00000007bc400000,0x00000007bfb00000)
  from space 2560K, 41% used [0x00000007bfb00000,0x00000007bfc08000,0x00000007bfd80000)
  to   space 2560K, 0% used [0x00000007bfd80000,0x00000007bfd80000,0x00000007c0000000)
 ParOldGen       total 155136K, used 54989K [0x0000000700000000, 0x0000000709780000, 0x00000007bc400000)
  object space 155136K, 35% used [0x0000000700000000,0x00000007035b3728,0x0000000709780000)
 Metaspace       used 70443K, capacity 71059K, committed 71680K, reserved 1112064K
  class space    used 9240K, capacity 9359K, committed 9472K, reserved 1048576K
}

